<?xml version="1.0" encoding="UTF-8"?>
<!-- Generated by org.testng.reporters.JUnitXMLReporter -->
<testsuite hostname="LAPTOP-PP7LTPN0" ignored="0" name="FirefoxTest" tests="1" failures="1" timestamp="10 Dec 2019 05:50:53 GMT" time="166.137" errors="0">
  <testcase name="verifyInvalidLogin" time="104.527" classname="com.demoaut.newtours.TestScripts.VerifyInvalidLoginTest">
    <failure type="org.openqa.selenium.NoSuchElementException" message="Unable to locate element: body &amp;gt; div &amp;gt; table &amp;gt; tbody &amp;gt; tr &amp;gt; td:nth-child(2) &amp;gt; table &amp;gt; tbody &amp;gt; tr:nth-child(4) &amp;gt; td &amp;gt; table &amp;gt; tbody &amp;gt; tr &amp;gt; td:nth-child(2) &amp;gt; table &amp;gt; tbody &amp;gt; tr:nth-child(3) &amp;gt; td &amp;gt; p &amp;gt; font
For documentation on this error, please visit: https://www.seleniumhq.org/exceptions/no_such_element.html
Build info: version: &amp;apos;3.141.59&amp;apos;, revision: &amp;apos;e82be7d358&amp;apos;, time: &amp;apos;2018-11-14T08:25:48&amp;apos;
System info: host: &amp;apos;LAPTOP-PP7LTPN0&amp;apos;, ip: &amp;apos;192.168.0.109&amp;apos;, os.name: &amp;apos;Windows 10&amp;apos;, os.arch: &amp;apos;amd64&amp;apos;, os.version: &amp;apos;10.0&amp;apos;, java.version: &amp;apos;1.8.0_201&amp;apos;
Driver info: org.openqa.selenium.firefox.FirefoxDriver
Capabilities {acceptInsecureCerts: true, browserName: firefox, browserVersion: 71.0, javascriptEnabled: true, moz:accessibilityChecks: false, moz:buildID: 20191024095932, moz:geckodriverVersion: 0.23.0, moz:headless: false, moz:processID: 18612, moz:profile: C:\Users\Balaji\AppData\Loc..., moz:shutdownTimeout: 60000, moz:useNonSpecCompliantPointerOrigin: false, moz:webdriverClick: true, pageLoadStrategy: normal, platform: WINDOWS, platformName: WINDOWS, platformVersion: 10.0, rotatable: false, setWindowRect: true, strictFileInteractability: false, timeouts: {implicit: 0, pageLoad: 300000, script: 30000}, unhandledPromptBehavior: dismiss and notify}
Session ID: 431d5f8c-0918-4cd7-837d-59667e968856
*** Element info: {Using=css selector, value=body &amp;gt; div &amp;gt; table &amp;gt; tbody &amp;gt; tr &amp;gt; td:nth-child(2) &amp;gt; table &amp;gt; tbody &amp;gt; tr:nth-child(4) &amp;gt; td &amp;gt; table &amp;gt; tbody &amp;gt; tr &amp;gt; td:nth-child(2) &amp;gt; table &amp;gt; tbody &amp;gt; tr:nth-child(3) &amp;gt; td &amp;gt; p &amp;gt; font}">
      <![CDATA[org.openqa.selenium.NoSuchElementException: Unable to locate element: body > div > table > tbody > tr > td:nth-child(2) > table > tbody > tr:nth-child(4) > td > table > tbody > tr > td:nth-child(2) > table > tbody > tr:nth-child(3) > td > p > font
For documentation on this error, please visit: https://www.seleniumhq.org/exceptions/no_such_element.html
Build info: version: '3.141.59', revision: 'e82be7d358', time: '2018-11-14T08:25:48'
System info: host: 'LAPTOP-PP7LTPN0', ip: '192.168.0.109', os.name: 'Windows 10', os.arch: 'amd64', os.version: '10.0', java.version: '1.8.0_201'
Driver info: org.openqa.selenium.firefox.FirefoxDriver
Capabilities {acceptInsecureCerts: true, browserName: firefox, browserVersion: 71.0, javascriptEnabled: true, moz:accessibilityChecks: false, moz:buildID: 20191024095932, moz:geckodriverVersion: 0.23.0, moz:headless: false, moz:processID: 18612, moz:profile: C:\Users\Balaji\AppData\Loc..., moz:shutdownTimeout: 60000, moz:useNonSpecCompliantPointerOrigin: false, moz:webdriverClick: true, pageLoadStrategy: normal, platform: WINDOWS, platformName: WINDOWS, platformVersion: 10.0, rotatable: false, setWindowRect: true, strictFileInteractability: false, timeouts: {implicit: 0, pageLoad: 300000, script: 30000}, unhandledPromptBehavior: dismiss and notify}
Session ID: 431d5f8c-0918-4cd7-837d-59667e968856
*** Element info: {Using=css selector, value=body > div > table > tbody > tr > td:nth-child(2) > table > tbody > tr:nth-child(4) > td > table > tbody > tr > td:nth-child(2) > table > tbody > tr:nth-child(3) > td > p > font}
at org.openqa.selenium.remote.http.W3CHttpResponseCodec.createException(W3CHttpResponseCodec.java:187)
at org.openqa.selenium.remote.http.W3CHttpResponseCodec.decode(W3CHttpResponseCodec.java:122)
at org.openqa.selenium.remote.http.W3CHttpResponseCodec.decode(W3CHttpResponseCodec.java:49)
at org.openqa.selenium.remote.HttpCommandExecutor.execute(HttpCommandExecutor.java:158)
at org.openqa.selenium.remote.service.DriverCommandExecutor.execute(DriverCommandExecutor.java:83)
at org.openqa.selenium.remote.RemoteWebDriver.execute(RemoteWebDriver.java:552)
at org.openqa.selenium.remote.RemoteWebDriver.findElement(RemoteWebDriver.java:323)
at org.openqa.selenium.remote.RemoteWebDriver.findElementByCssSelector(RemoteWebDriver.java:420)
at org.openqa.selenium.By$ByCssSelector.findElement(By.java:431)
at org.openqa.selenium.remote.RemoteWebDriver.findElement(RemoteWebDriver.java:315)
at org.openqa.selenium.support.pagefactory.DefaultElementLocator.findElement(DefaultElementLocator.java:69)
at org.openqa.selenium.support.pagefactory.internal.LocatingElementHandler.invoke(LocatingElementHandler.java:38)
at com.sun.proxy.$Proxy10.getText(Unknown Source)
at com.demoaut.newtours.Pages.SignOn.getMessage(SignOn.java:18)
at com.demoaut.newtours.TestScripts.VerifyInvalidLoginTest.verifyInvalidLogin(VerifyInvalidLoginTest.java:62)
... Removed 29 stack frames]]>
    </failure>
  </testcase> <!-- verifyInvalidLogin -->
</testsuite> <!-- FirefoxTest -->
